{"/Users/marinvasilev/Projects/appcelerator/appc.lokijs/conf/default.js":{"path":"/Users/marinvasilev/Projects/appcelerator/appc.lokijs/conf/default.js","s":{"1":1},"b":{},"f":{},"fnMap":{},"statementMap":{"1":{"start":{"line":12,"column":0},"end":{"line":99,"column":2}}},"branchMap":{}},"/Users/marinvasilev/Projects/appcelerator/appc.lokijs/lib/index.js":{"path":"/Users/marinvasilev/Projects/appcelerator/appc.lokijs/lib/index.js","s":{"1":1,"2":1,"3":1,"4":1,"5":0,"6":1,"7":1},"b":{"1":[0,1],"2":[1,0]},"f":{"1":1},"fnMap":{"1":{"name":"(anonymous_1)","line":7,"loc":{"start":{"line":7,"column":17},"end":{"line":7,"column":34}}}},"statementMap":{"1":{"start":{"line":1,"column":0},"end":{"line":2,"column":28}},"2":{"start":{"line":7,"column":0},"end":{"line":33,"column":2}},"3":{"start":{"line":8,"column":1},"end":{"line":8,"column":19}},"4":{"start":{"line":9,"column":1},"end":{"line":11,"column":2}},"5":{"start":{"line":10,"column":2},"end":{"line":10,"column":114}},"6":{"start":{"line":12,"column":1},"end":{"line":13,"column":40}},"7":{"start":{"line":15,"column":1},"end":{"line":32,"column":4}}},"branchMap":{"1":{"line":9,"type":"if","locations":[{"start":{"line":9,"column":1},"end":{"line":9,"column":1}},{"start":{"line":9,"column":1},"end":{"line":9,"column":1}}]},"2":{"line":9,"type":"binary-expr","locations":[{"start":{"line":9,"column":15},"end":{"line":9,"column":28}},{"start":{"line":9,"column":32},"end":{"line":9,"column":39}}]}}},"/Users/marinvasilev/Projects/appcelerator/appc.lokijs/lib/lifecycle/connect.js":{"path":"/Users/marinvasilev/Projects/appcelerator/appc.lokijs/lib/lifecycle/connect.js","s":{"1":1,"2":1,"3":1,"4":1},"b":{},"f":{"1":1},"fnMap":{"1":{"name":"(anonymous_1)","line":6,"loc":{"start":{"line":6,"column":18},"end":{"line":6,"column":34}}}},"statementMap":{"1":{"start":{"line":1,"column":0},"end":{"line":1,"column":47}},"2":{"start":{"line":6,"column":0},"end":{"line":9,"column":2}},"3":{"start":{"line":7,"column":4},"end":{"line":7,"column":32}},"4":{"start":{"line":8,"column":4},"end":{"line":8,"column":23}}},"branchMap":{}},"/Users/marinvasilev/Projects/appcelerator/appc.lokijs/lib/utils/Client.js":{"path":"/Users/marinvasilev/Projects/appcelerator/appc.lokijs/lib/utils/Client.js","s":{"1":1,"2":1,"3":1,"4":1,"5":1,"6":1,"7":1,"8":1,"9":1,"10":1,"11":1,"12":1,"13":1,"14":1,"15":1,"16":1,"17":1,"18":0,"19":0,"20":0,"21":1,"22":0,"23":0,"24":0,"25":0,"26":0,"27":1,"28":0,"29":1,"30":1},"b":{"1":[1,0],"2":[0,0],"3":[0,0]},"f":{"1":1,"2":1,"3":1,"4":1,"5":0,"6":0,"7":0,"8":0},"fnMap":{"1":{"name":"(anonymous_1)","line":3,"loc":{"start":{"line":3,"column":14},"end":{"line":3,"column":26}}},"2":{"name":"Client","line":4,"loc":{"start":{"line":4,"column":4},"end":{"line":4,"column":32}}},"3":{"name":"(anonymous_3)","line":9,"loc":{"start":{"line":9,"column":28},"end":{"line":9,"column":40}}},"4":{"name":"(anonymous_4)","line":18,"loc":{"start":{"line":18,"column":31},"end":{"line":18,"column":47}}},"5":{"name":"(anonymous_5)","line":22,"loc":{"start":{"line":22,"column":34},"end":{"line":22,"column":50}}},"6":{"name":"(anonymous_6)","line":24,"loc":{"start":{"line":24,"column":39},"end":{"line":24,"column":51}}},"7":{"name":"(anonymous_7)","line":29,"loc":{"start":{"line":29,"column":27},"end":{"line":29,"column":49}}},"8":{"name":"(anonymous_8)","line":36,"loc":{"start":{"line":36,"column":35},"end":{"line":36,"column":47}}}},"statementMap":{"1":{"start":{"line":2,"column":0},"end":{"line":2,"column":75}},"2":{"start":{"line":3,"column":0},"end":{"line":40,"column":5}},"3":{"start":{"line":4,"column":4},"end":{"line":8,"column":5}},"4":{"start":{"line":5,"column":8},"end":{"line":5,"column":37}},"5":{"start":{"line":6,"column":8},"end":{"line":6,"column":20}},"6":{"start":{"line":7,"column":8},"end":{"line":7,"column":45}},"7":{"start":{"line":9,"column":4},"end":{"line":17,"column":6}},"8":{"start":{"line":10,"column":8},"end":{"line":10,"column":45}},"9":{"start":{"line":11,"column":8},"end":{"line":11,"column":63}},"10":{"start":{"line":12,"column":8},"end":{"line":12,"column":20}},"11":{"start":{"line":13,"column":8},"end":{"line":15,"column":9}},"12":{"start":{"line":14,"column":12},"end":{"line":14,"column":52}},"13":{"start":{"line":16,"column":8},"end":{"line":16,"column":68}},"14":{"start":{"line":18,"column":4},"end":{"line":21,"column":6}},"15":{"start":{"line":19,"column":8},"end":{"line":19,"column":36}},"16":{"start":{"line":20,"column":8},"end":{"line":20,"column":47}},"17":{"start":{"line":22,"column":4},"end":{"line":28,"column":6}},"18":{"start":{"line":23,"column":8},"end":{"line":27,"column":9}},"19":{"start":{"line":24,"column":12},"end":{"line":26,"column":26}},"20":{"start":{"line":25,"column":16},"end":{"line":25,"column":42}},"21":{"start":{"line":29,"column":4},"end":{"line":35,"column":6}},"22":{"start":{"line":30,"column":8},"end":{"line":30,"column":84}},"23":{"start":{"line":31,"column":8},"end":{"line":32,"column":49}},"24":{"start":{"line":32,"column":12},"end":{"line":32,"column":49}},"25":{"start":{"line":33,"column":8},"end":{"line":33,"column":49}},"26":{"start":{"line":34,"column":8},"end":{"line":34,"column":27}},"27":{"start":{"line":36,"column":4},"end":{"line":38,"column":6}},"28":{"start":{"line":37,"column":8},"end":{"line":37,"column":29}},"29":{"start":{"line":39,"column":4},"end":{"line":39,"column":18}},"30":{"start":{"line":41,"column":0},"end":{"line":41,"column":24}}},"branchMap":{"1":{"line":13,"type":"if","locations":[{"start":{"line":13,"column":8},"end":{"line":13,"column":8}},{"start":{"line":13,"column":8},"end":{"line":13,"column":8}}]},"2":{"line":23,"type":"if","locations":[{"start":{"line":23,"column":8},"end":{"line":23,"column":8}},{"start":{"line":23,"column":8},"end":{"line":23,"column":8}}]},"3":{"line":31,"type":"if","locations":[{"start":{"line":31,"column":8},"end":{"line":31,"column":8}},{"start":{"line":31,"column":8},"end":{"line":31,"column":8}}]}}},"/Users/marinvasilev/Projects/appcelerator/appc.lokijs/lib/lifecycle/disconnect.js":{"path":"/Users/marinvasilev/Projects/appcelerator/appc.lokijs/lib/lifecycle/disconnect.js","s":{"1":1,"2":1,"3":0},"b":{},"f":{"1":0},"fnMap":{"1":{"name":"(anonymous_1)","line":6,"loc":{"start":{"line":6,"column":21},"end":{"line":6,"column":37}}}},"statementMap":{"1":{"start":{"line":1,"column":0},"end":{"line":1,"column":47}},"2":{"start":{"line":6,"column":0},"end":{"line":8,"column":2}},"3":{"start":{"line":7,"column":4},"end":{"line":7,"column":31}}},"branchMap":{}},"/Users/marinvasilev/Projects/appcelerator/appc.lokijs/lib/metadata/fetchMetadata.js":{"path":"/Users/marinvasilev/Projects/appcelerator/appc.lokijs/lib/metadata/fetchMetadata.js","s":{"1":1,"2":1,"3":1},"b":{},"f":{"1":1},"fnMap":{"1":{"name":"fetchMetadata","line":7,"loc":{"start":{"line":7,"column":24},"end":{"line":7,"column":53}}}},"statementMap":{"1":{"start":{"line":1,"column":0},"end":{"line":1,"column":29}},"2":{"start":{"line":7,"column":0},"end":{"line":30,"column":2}},"3":{"start":{"line":8,"column":1},"end":{"line":29,"column":4}}},"branchMap":{}},"/Users/marinvasilev/Projects/appcelerator/appc.lokijs/lib/schema/createModelsFromSchema.js":{"path":"/Users/marinvasilev/Projects/appcelerator/appc.lokijs/lib/schema/createModelsFromSchema.js","s":{"1":1,"2":1,"3":1,"4":1,"5":1,"6":1,"7":1,"8":5,"9":5,"10":4,"11":1,"12":1},"b":{"1":[4,1],"2":[1,1]},"f":{"1":1,"2":1,"3":5},"fnMap":{"1":{"name":"(anonymous_1)","line":9,"loc":{"start":{"line":9,"column":33},"end":{"line":9,"column":44}}},"2":{"name":"(anonymous_2)","line":13,"loc":{"start":{"line":13,"column":37},"end":{"line":13,"column":57}}},"3":{"name":"(anonymous_3)","line":16,"loc":{"start":{"line":16,"column":30},"end":{"line":16,"column":50}}}},"statementMap":{"1":{"start":{"line":1,"column":0},"end":{"line":2,"column":26}},"2":{"start":{"line":4,"column":0},"end":{"line":5,"column":59}},"3":{"start":{"line":9,"column":0},"end":{"line":35,"column":2}},"4":{"start":{"line":10,"column":4},"end":{"line":11,"column":20}},"5":{"start":{"line":13,"column":4},"end":{"line":33,"column":7}},"6":{"start":{"line":14,"column":8},"end":{"line":15,"column":24}},"7":{"start":{"line":16,"column":8},"end":{"line":24,"column":11}},"8":{"start":{"line":17,"column":12},"end":{"line":17,"column":34}},"9":{"start":{"line":18,"column":12},"end":{"line":23,"column":13}},"10":{"start":{"line":19,"column":16},"end":{"line":22,"column":18}},"11":{"start":{"line":26,"column":8},"end":{"line":32,"column":11}},"12":{"start":{"line":34,"column":4},"end":{"line":34,"column":56}}},"branchMap":{"1":{"line":18,"type":"if","locations":[{"start":{"line":18,"column":12},"end":{"line":18,"column":12}},{"start":{"line":18,"column":12},"end":{"line":18,"column":12}}]},"2":{"line":34,"type":"binary-expr","locations":[{"start":{"line":34,"column":29},"end":{"line":34,"column":40}},{"start":{"line":34,"column":44},"end":{"line":34,"column":46}}]}}},"/Users/marinvasilev/Projects/appcelerator/appc.lokijs/lib/utils/Query.js":{"path":"/Users/marinvasilev/Projects/appcelerator/appc.lokijs/lib/utils/Query.js","s":{"1":1,"2":1,"3":0,"4":1,"5":0,"6":0,"7":0,"8":0,"9":0,"10":1,"11":0,"12":1,"13":0,"14":0,"15":0,"16":0,"17":0,"18":0,"19":0,"20":0,"21":0,"22":0,"23":0,"24":1,"25":0,"26":0,"27":1,"28":0,"29":0,"30":1,"31":0,"32":0,"33":1,"34":0,"35":0,"36":0,"37":0,"38":1,"39":0,"40":0,"41":1,"42":0,"43":0,"44":0,"45":0,"46":0,"47":0,"48":0,"49":0,"50":0,"51":0,"52":1,"53":0,"54":0,"55":0,"56":0,"57":0,"58":0,"59":1,"60":0,"61":0,"62":0,"63":0,"64":0,"65":0,"66":0,"67":1,"68":0,"69":0,"70":1,"71":0,"72":0,"73":0,"74":0,"75":0,"76":0,"77":0,"78":0,"79":0,"80":0,"81":0,"82":0,"83":0,"84":1,"85":0,"86":0,"87":0,"88":1,"89":1,"90":1,"91":1,"92":0,"93":0,"94":1,"95":0,"96":0,"97":0,"98":0,"99":0,"100":0,"101":1,"102":0,"103":0,"104":0,"105":1},"b":{"1":[0,0],"2":[0,0],"3":[0,0],"4":[0,0],"5":[0,0],"6":[0,0],"7":[0,0],"8":[0,0],"9":[0,0],"10":[0,0],"11":[0,0],"12":[0,0],"13":[0,0],"14":[0,0],"15":[0,0],"16":[0,0],"17":[0,0]},"f":{"1":1,"2":0,"3":0,"4":0,"5":0,"6":0,"7":0,"8":0,"9":0,"10":0,"11":0,"12":0,"13":0,"14":0,"15":0,"16":0,"17":0,"18":0,"19":0,"20":0,"21":1,"22":0,"23":0,"24":0,"25":0},"fnMap":{"1":{"name":"(anonymous_1)","line":2,"loc":{"start":{"line":2,"column":13},"end":{"line":2,"column":25}}},"2":{"name":"Query","line":3,"loc":{"start":{"line":3,"column":4},"end":{"line":3,"column":31}}},"3":{"name":"(anonymous_3)","line":6,"loc":{"start":{"line":6,"column":27},"end":{"line":6,"column":41}}},"4":{"name":"(anonymous_4)","line":14,"loc":{"start":{"line":14,"column":31},"end":{"line":14,"column":43}}},"5":{"name":"(anonymous_5)","line":17,"loc":{"start":{"line":17,"column":28},"end":{"line":17,"column":45}}},"6":{"name":"(anonymous_6)","line":23,"loc":{"start":{"line":23,"column":22},"end":{"line":23,"column":45}}},"7":{"name":"(anonymous_7)","line":34,"loc":{"start":{"line":34,"column":33},"end":{"line":34,"column":49}}},"8":{"name":"(anonymous_8)","line":38,"loc":{"start":{"line":38,"column":29},"end":{"line":38,"column":47}}},"9":{"name":"(anonymous_9)","line":42,"loc":{"start":{"line":42,"column":28},"end":{"line":42,"column":45}}},"10":{"name":"(anonymous_10)","line":46,"loc":{"start":{"line":46,"column":26},"end":{"line":46,"column":38}}},"11":{"name":"(anonymous_11)","line":53,"loc":{"start":{"line":53,"column":34},"end":{"line":53,"column":48}}},"12":{"name":"(anonymous_12)","line":57,"loc":{"start":{"line":57,"column":31},"end":{"line":57,"column":48}}},"13":{"name":"(anonymous_13)","line":62,"loc":{"start":{"line":62,"column":36},"end":{"line":62,"column":52}}},"14":{"name":"(anonymous_14)","line":72,"loc":{"start":{"line":72,"column":28},"end":{"line":72,"column":40}}},"15":{"name":"(anonymous_15)","line":76,"loc":{"start":{"line":76,"column":36},"end":{"line":76,"column":52}}},"16":{"name":"(anonymous_16)","line":82,"loc":{"start":{"line":82,"column":26},"end":{"line":82,"column":38}}},"17":{"name":"(anonymous_17)","line":92,"loc":{"start":{"line":92,"column":30},"end":{"line":92,"column":42}}},"18":{"name":"(anonymous_18)","line":96,"loc":{"start":{"line":96,"column":34},"end":{"line":96,"column":51}}},"19":{"name":"(anonymous_19)","line":109,"loc":{"start":{"line":109,"column":35},"end":{"line":109,"column":50}}},"20":{"name":"(anonymous_20)","line":119,"loc":{"start":{"line":119,"column":43},"end":{"line":119,"column":55}}},"21":{"name":"(anonymous_21)","line":130,"loc":{"start":{"line":130,"column":17},"end":{"line":130,"column":29}}},"22":{"name":"Statement","line":131,"loc":{"start":{"line":131,"column":4},"end":{"line":131,"column":25}}},"23":{"name":"(anonymous_23)","line":149,"loc":{"start":{"line":149,"column":33},"end":{"line":149,"column":58}}},"24":{"name":"(anonymous_24)","line":157,"loc":{"start":{"line":157,"column":45},"end":{"line":157,"column":64}}},"25":{"name":"(anonymous_25)","line":158,"loc":{"start":{"line":158,"column":43},"end":{"line":158,"column":60}}}},"statementMap":{"1":{"start":{"line":2,"column":0},"end":{"line":128,"column":5}},"2":{"start":{"line":3,"column":4},"end":{"line":5,"column":5}},"3":{"start":{"line":4,"column":8},"end":{"line":4,"column":37}},"4":{"start":{"line":6,"column":4},"end":{"line":13,"column":6}},"5":{"start":{"line":7,"column":8},"end":{"line":11,"column":9}},"6":{"start":{"line":8,"column":12},"end":{"line":8,"column":51}},"7":{"start":{"line":9,"column":12},"end":{"line":9,"column":40}},"8":{"start":{"line":10,"column":12},"end":{"line":10,"column":24}},"9":{"start":{"line":12,"column":8},"end":{"line":12,"column":20}},"10":{"start":{"line":14,"column":4},"end":{"line":16,"column":6}},"11":{"start":{"line":15,"column":8},"end":{"line":15,"column":26}},"12":{"start":{"line":17,"column":4},"end":{"line":33,"column":6}},"13":{"start":{"line":18,"column":8},"end":{"line":18,"column":25}},"14":{"start":{"line":19,"column":8},"end":{"line":30,"column":9}},"15":{"start":{"line":20,"column":12},"end":{"line":20,"column":46}},"16":{"start":{"line":21,"column":12},"end":{"line":21,"column":49}},"17":{"start":{"line":22,"column":12},"end":{"line":22,"column":36}},"18":{"start":{"line":23,"column":12},"end":{"line":25,"column":15}},"19":{"start":{"line":24,"column":16},"end":{"line":24,"column":69}},"20":{"start":{"line":26,"column":12},"end":{"line":26,"column":55}},"21":{"start":{"line":29,"column":12},"end":{"line":29,"column":54}},"22":{"start":{"line":31,"column":8},"end":{"line":31,"column":36}},"23":{"start":{"line":32,"column":8},"end":{"line":32,"column":20}},"24":{"start":{"line":34,"column":4},"end":{"line":37,"column":6}},"25":{"start":{"line":35,"column":8},"end":{"line":35,"column":38}},"26":{"start":{"line":36,"column":8},"end":{"line":36,"column":20}},"27":{"start":{"line":38,"column":4},"end":{"line":41,"column":6}},"28":{"start":{"line":39,"column":8},"end":{"line":39,"column":36}},"29":{"start":{"line":40,"column":8},"end":{"line":40,"column":20}},"30":{"start":{"line":42,"column":4},"end":{"line":45,"column":6}},"31":{"start":{"line":43,"column":8},"end":{"line":43,"column":34}},"32":{"start":{"line":44,"column":8},"end":{"line":44,"column":20}},"33":{"start":{"line":46,"column":4},"end":{"line":52,"column":6}},"34":{"start":{"line":47,"column":8},"end":{"line":47,"column":36}},"35":{"start":{"line":48,"column":8},"end":{"line":50,"column":9}},"36":{"start":{"line":49,"column":12},"end":{"line":49,"column":29}},"37":{"start":{"line":51,"column":8},"end":{"line":51,"column":20}},"38":{"start":{"line":53,"column":4},"end":{"line":56,"column":6}},"39":{"start":{"line":54,"column":8},"end":{"line":54,"column":74}},"40":{"start":{"line":55,"column":8},"end":{"line":55,"column":57}},"41":{"start":{"line":57,"column":4},"end":{"line":71,"column":6}},"42":{"start":{"line":58,"column":8},"end":{"line":58,"column":24}},"43":{"start":{"line":59,"column":8},"end":{"line":59,"column":22}},"44":{"start":{"line":60,"column":8},"end":{"line":60,"column":24}},"45":{"start":{"line":61,"column":8},"end":{"line":69,"column":9}},"46":{"start":{"line":62,"column":12},"end":{"line":67,"column":15}},"47":{"start":{"line":63,"column":16},"end":{"line":66,"column":17}},"48":{"start":{"line":64,"column":20},"end":{"line":64,"column":43}},"49":{"start":{"line":65,"column":20},"end":{"line":65,"column":38}},"50":{"start":{"line":68,"column":12},"end":{"line":68,"column":26}},"51":{"start":{"line":70,"column":8},"end":{"line":70,"column":20}},"52":{"start":{"line":72,"column":4},"end":{"line":81,"column":6}},"53":{"start":{"line":73,"column":8},"end":{"line":73,"column":24}},"54":{"start":{"line":74,"column":8},"end":{"line":74,"column":22}},"55":{"start":{"line":75,"column":8},"end":{"line":79,"column":9}},"56":{"start":{"line":76,"column":12},"end":{"line":78,"column":15}},"57":{"start":{"line":77,"column":16},"end":{"line":77,"column":24}},"58":{"start":{"line":80,"column":8},"end":{"line":80,"column":21}},"59":{"start":{"line":82,"column":4},"end":{"line":91,"column":6}},"60":{"start":{"line":83,"column":8},"end":{"line":86,"column":9}},"61":{"start":{"line":84,"column":12},"end":{"line":84,"column":35}},"62":{"start":{"line":85,"column":12},"end":{"line":85,"column":40}},"63":{"start":{"line":87,"column":8},"end":{"line":87,"column":36}},"64":{"start":{"line":88,"column":8},"end":{"line":89,"column":33}},"65":{"start":{"line":89,"column":12},"end":{"line":89,"column":33}},"66":{"start":{"line":90,"column":8},"end":{"line":90,"column":22}},"67":{"start":{"line":92,"column":4},"end":{"line":95,"column":6}},"68":{"start":{"line":93,"column":8},"end":{"line":93,"column":43}},"69":{"start":{"line":94,"column":8},"end":{"line":94,"column":28}},"70":{"start":{"line":96,"column":4},"end":{"line":118,"column":6}},"71":{"start":{"line":97,"column":8},"end":{"line":104,"column":9}},"72":{"start":{"line":98,"column":12},"end":{"line":103,"column":13}},"73":{"start":{"line":99,"column":16},"end":{"line":99,"column":46}},"74":{"start":{"line":102,"column":16},"end":{"line":102,"column":77}},"75":{"start":{"line":105,"column":8},"end":{"line":106,"column":65}},"76":{"start":{"line":106,"column":12},"end":{"line":106,"column":65}},"77":{"start":{"line":107,"column":8},"end":{"line":107,"column":40}},"78":{"start":{"line":108,"column":8},"end":{"line":108,"column":40}},"79":{"start":{"line":109,"column":8},"end":{"line":116,"column":11}},"80":{"start":{"line":110,"column":12},"end":{"line":115,"column":13}},"81":{"start":{"line":111,"column":16},"end":{"line":111,"column":65}},"82":{"start":{"line":114,"column":16},"end":{"line":114,"column":71}},"83":{"start":{"line":117,"column":8},"end":{"line":117,"column":28}},"84":{"start":{"line":119,"column":4},"end":{"line":126,"column":6}},"85":{"start":{"line":120,"column":8},"end":{"line":125,"column":9}},"86":{"start":{"line":121,"column":12},"end":{"line":121,"column":83}},"87":{"start":{"line":124,"column":12},"end":{"line":124,"column":73}},"88":{"start":{"line":127,"column":4},"end":{"line":127,"column":17}},"89":{"start":{"line":129,"column":0},"end":{"line":129,"column":22}},"90":{"start":{"line":130,"column":0},"end":{"line":164,"column":5}},"91":{"start":{"line":131,"column":4},"end":{"line":148,"column":5}},"92":{"start":{"line":132,"column":8},"end":{"line":132,"column":37}},"93":{"start":{"line":133,"column":8},"end":{"line":147,"column":10}},"94":{"start":{"line":149,"column":4},"end":{"line":156,"column":6}},"95":{"start":{"line":150,"column":8},"end":{"line":150,"column":32}},"96":{"start":{"line":151,"column":8},"end":{"line":151,"column":47}},"97":{"start":{"line":152,"column":8},"end":{"line":152,"column":43}},"98":{"start":{"line":153,"column":8},"end":{"line":153,"column":35}},"99":{"start":{"line":154,"column":8},"end":{"line":154,"column":37}},"100":{"start":{"line":155,"column":8},"end":{"line":155,"column":22}},"101":{"start":{"line":157,"column":4},"end":{"line":162,"column":6}},"102":{"start":{"line":158,"column":8},"end":{"line":160,"column":11}},"103":{"start":{"line":159,"column":12},"end":{"line":159,"column":37}},"104":{"start":{"line":161,"column":8},"end":{"line":161,"column":35}},"105":{"start":{"line":163,"column":4},"end":{"line":163,"column":21}}},"branchMap":{"1":{"line":7,"type":"if","locations":[{"start":{"line":7,"column":8},"end":{"line":7,"column":8}},{"start":{"line":7,"column":8},"end":{"line":7,"column":8}}]},"2":{"line":7,"type":"binary-expr","locations":[{"start":{"line":7,"column":12},"end":{"line":7,"column":37}},{"start":{"line":7,"column":41},"end":{"line":7,"column":63}}]},"3":{"line":19,"type":"if","locations":[{"start":{"line":19,"column":8},"end":{"line":19,"column":8}},{"start":{"line":19,"column":8},"end":{"line":19,"column":8}}]},"4":{"line":48,"type":"if","locations":[{"start":{"line":48,"column":8},"end":{"line":48,"column":8}},{"start":{"line":48,"column":8},"end":{"line":48,"column":8}}]},"5":{"line":48,"type":"binary-expr","locations":[{"start":{"line":48,"column":12},"end":{"line":48,"column":29}},{"start":{"line":48,"column":33},"end":{"line":48,"column":50}}]},"6":{"line":61,"type":"if","locations":[{"start":{"line":61,"column":8},"end":{"line":61,"column":8}},{"start":{"line":61,"column":8},"end":{"line":61,"column":8}}]},"7":{"line":63,"type":"if","locations":[{"start":{"line":63,"column":16},"end":{"line":63,"column":16}},{"start":{"line":63,"column":16},"end":{"line":63,"column":16}}]},"8":{"line":75,"type":"if","locations":[{"start":{"line":75,"column":8},"end":{"line":75,"column":8}},{"start":{"line":75,"column":8},"end":{"line":75,"column":8}}]},"9":{"line":83,"type":"if","locations":[{"start":{"line":83,"column":8},"end":{"line":83,"column":8}},{"start":{"line":83,"column":8},"end":{"line":83,"column":8}}]},"10":{"line":88,"type":"if","locations":[{"start":{"line":88,"column":8},"end":{"line":88,"column":8}},{"start":{"line":88,"column":8},"end":{"line":88,"column":8}}]},"11":{"line":88,"type":"binary-expr","locations":[{"start":{"line":88,"column":12},"end":{"line":88,"column":19}},{"start":{"line":88,"column":23},"end":{"line":88,"column":52}}]},"12":{"line":97,"type":"if","locations":[{"start":{"line":97,"column":8},"end":{"line":97,"column":8}},{"start":{"line":97,"column":8},"end":{"line":97,"column":8}}]},"13":{"line":105,"type":"if","locations":[{"start":{"line":105,"column":8},"end":{"line":105,"column":8}},{"start":{"line":105,"column":8},"end":{"line":105,"column":8}}]},"14":{"line":110,"type":"if","locations":[{"start":{"line":110,"column":12},"end":{"line":110,"column":12}},{"start":{"line":110,"column":12},"end":{"line":110,"column":12}}]},"15":{"line":120,"type":"if","locations":[{"start":{"line":120,"column":8},"end":{"line":120,"column":8}},{"start":{"line":120,"column":8},"end":{"line":120,"column":8}}]},"16":{"line":151,"type":"binary-expr","locations":[{"start":{"line":151,"column":18},"end":{"line":151,"column":38}},{"start":{"line":151,"column":42},"end":{"line":151,"column":46}}]},"17":{"line":152,"type":"binary-expr","locations":[{"start":{"line":152,"column":20},"end":{"line":152,"column":29}},{"start":{"line":152,"column":33},"end":{"line":152,"column":42}}]}}},"/Users/marinvasilev/Projects/appcelerator/appc.lokijs/lib/utils/Collection.js":{"path":"/Users/marinvasilev/Projects/appcelerator/appc.lokijs/lib/utils/Collection.js","s":{"1":1,"2":1,"3":0,"4":0,"5":0,"6":1,"7":0,"8":0,"9":0,"10":0,"11":0,"12":0,"13":0,"14":0,"15":1,"16":0,"17":1,"18":0,"19":1,"20":0,"21":0,"22":0,"23":0,"24":0,"25":0,"26":0,"27":1,"28":0,"29":0,"30":1,"31":1},"b":{"1":[0,0],"2":[0,0],"3":[0,0]},"f":{"1":1,"2":0,"3":0,"4":0,"5":0,"6":0,"7":0,"8":0,"9":0},"fnMap":{"1":{"name":"(anonymous_1)","line":2,"loc":{"start":{"line":2,"column":18},"end":{"line":2,"column":30}}},"2":{"name":"Collection","line":3,"loc":{"start":{"line":3,"column":4},"end":{"line":3,"column":37}}},"3":{"name":"(anonymous_3)","line":8,"loc":{"start":{"line":8,"column":34},"end":{"line":8,"column":46}}},"4":{"name":"(anonymous_4)","line":11,"loc":{"start":{"line":11,"column":50},"end":{"line":11,"column":79}}},"5":{"name":"(anonymous_5)","line":20,"loc":{"start":{"line":20,"column":39},"end":{"line":20,"column":51}}},"6":{"name":"(anonymous_6)","line":23,"loc":{"start":{"line":23,"column":33},"end":{"line":23,"column":45}}},"7":{"name":"(anonymous_7)","line":26,"loc":{"start":{"line":26,"column":41},"end":{"line":26,"column":53}}},"8":{"name":"(anonymous_8)","line":29,"loc":{"start":{"line":29,"column":50},"end":{"line":29,"column":79}}},"9":{"name":"(anonymous_9)","line":37,"loc":{"start":{"line":37,"column":38},"end":{"line":37,"column":50}}}},"statementMap":{"1":{"start":{"line":2,"column":0},"end":{"line":43,"column":5}},"2":{"start":{"line":3,"column":4},"end":{"line":7,"column":5}},"3":{"start":{"line":4,"column":8},"end":{"line":4,"column":25}},"4":{"start":{"line":5,"column":8},"end":{"line":5,"column":27}},"5":{"start":{"line":6,"column":8},"end":{"line":6,"column":26}},"6":{"start":{"line":8,"column":4},"end":{"line":19,"column":6}},"7":{"start":{"line":9,"column":8},"end":{"line":9,"column":25}},"8":{"start":{"line":10,"column":8},"end":{"line":10,"column":27}},"9":{"start":{"line":11,"column":8},"end":{"line":17,"column":11}},"10":{"start":{"line":12,"column":12},"end":{"line":16,"column":13}},"11":{"start":{"line":13,"column":16},"end":{"line":13,"column":30}},"12":{"start":{"line":14,"column":16},"end":{"line":14,"column":76}},"13":{"start":{"line":15,"column":16},"end":{"line":15,"column":23}},"14":{"start":{"line":18,"column":8},"end":{"line":18,"column":22}},"15":{"start":{"line":20,"column":4},"end":{"line":22,"column":6}},"16":{"start":{"line":21,"column":8},"end":{"line":21,"column":40}},"17":{"start":{"line":23,"column":4},"end":{"line":25,"column":6}},"18":{"start":{"line":24,"column":8},"end":{"line":24,"column":34}},"19":{"start":{"line":26,"column":4},"end":{"line":36,"column":6}},"20":{"start":{"line":27,"column":8},"end":{"line":27,"column":25}},"21":{"start":{"line":28,"column":8},"end":{"line":28,"column":25}},"22":{"start":{"line":29,"column":8},"end":{"line":34,"column":11}},"23":{"start":{"line":30,"column":12},"end":{"line":33,"column":13}},"24":{"start":{"line":31,"column":16},"end":{"line":31,"column":76}},"25":{"start":{"line":32,"column":16},"end":{"line":32,"column":49}},"26":{"start":{"line":35,"column":8},"end":{"line":35,"column":28}},"27":{"start":{"line":37,"column":4},"end":{"line":41,"column":6}},"28":{"start":{"line":38,"column":8},"end":{"line":40,"column":9}},"29":{"start":{"line":39,"column":12},"end":{"line":39,"column":64}},"30":{"start":{"line":42,"column":4},"end":{"line":42,"column":22}},"31":{"start":{"line":44,"column":0},"end":{"line":44,"column":32}}},"branchMap":{"1":{"line":12,"type":"if","locations":[{"start":{"line":12,"column":12},"end":{"line":12,"column":12}},{"start":{"line":12,"column":12},"end":{"line":12,"column":12}}]},"2":{"line":30,"type":"if","locations":[{"start":{"line":30,"column":12},"end":{"line":30,"column":12}},{"start":{"line":30,"column":12},"end":{"line":30,"column":12}}]},"3":{"line":38,"type":"if","locations":[{"start":{"line":38,"column":8},"end":{"line":38,"column":8}},{"start":{"line":38,"column":8},"end":{"line":38,"column":8}}]}}},"/Users/marinvasilev/Projects/appcelerator/appc.lokijs/lib/schema/fetchSchema.js":{"path":"/Users/marinvasilev/Projects/appcelerator/appc.lokijs/lib/schema/fetchSchema.js","s":{"1":1,"2":1,"3":1,"4":1,"5":1,"6":0,"7":1,"8":1,"9":1},"b":{"1":[0,1]},"f":{"1":1},"fnMap":{"1":{"name":"(anonymous_1)","line":30,"loc":{"start":{"line":30,"column":22},"end":{"line":30,"column":38}}}},"statementMap":{"1":{"start":{"line":1,"column":0},"end":{"line":2,"column":44}},"2":{"start":{"line":30,"column":0},"end":{"line":42,"column":2}},"3":{"start":{"line":31,"column":1},"end":{"line":31,"column":17}},"4":{"start":{"line":32,"column":1},"end":{"line":32,"column":58}},"5":{"start":{"line":34,"column":1},"end":{"line":36,"column":2}},"6":{"start":{"line":35,"column":2},"end":{"line":35,"column":42}},"7":{"start":{"line":38,"column":1},"end":{"line":38,"column":24}},"8":{"start":{"line":40,"column":1},"end":{"line":40,"column":35}},"9":{"start":{"line":41,"column":1},"end":{"line":41,"column":28}}},"branchMap":{"1":{"line":34,"type":"if","locations":[{"start":{"line":34,"column":1},"end":{"line":34,"column":1}},{"start":{"line":34,"column":1},"end":{"line":34,"column":1}}]}}},"/Users/marinvasilev/Projects/appcelerator/appc.lokijs/lib/utils/Schema.js":{"path":"/Users/marinvasilev/Projects/appcelerator/appc.lokijs/lib/utils/Schema.js","s":{"1":1,"2":1,"3":1,"4":1,"5":1,"6":1,"7":1,"8":1,"9":1,"10":1,"11":1,"12":1,"13":1,"14":1,"15":1,"16":1,"17":1,"18":5,"19":4,"20":1,"21":1,"22":1,"23":1},"b":{"1":[1,0],"2":[1,1],"3":[1,0],"4":[4,1]},"f":{"1":1,"2":1,"3":1,"4":1,"5":1,"6":1,"7":5},"fnMap":{"1":{"name":"(anonymous_1)","line":2,"loc":{"start":{"line":2,"column":14},"end":{"line":2,"column":26}}},"2":{"name":"Schema","line":3,"loc":{"start":{"line":3,"column":4},"end":{"line":3,"column":33}}},"3":{"name":"(anonymous_3)","line":7,"loc":{"start":{"line":7,"column":33},"end":{"line":7,"column":45}}},"4":{"name":"(anonymous_4)","line":10,"loc":{"start":{"line":10,"column":36},"end":{"line":10,"column":48}}},"5":{"name":"(anonymous_5)","line":15,"loc":{"start":{"line":15,"column":39},"end":{"line":15,"column":51}}},"6":{"name":"(anonymous_6)","line":20,"loc":{"start":{"line":20,"column":38},"end":{"line":20,"column":60}}},"7":{"name":"(anonymous_7)","line":27,"loc":{"start":{"line":27,"column":54},"end":{"line":27,"column":69}}}},"statementMap":{"1":{"start":{"line":2,"column":0},"end":{"line":36,"column":5}},"2":{"start":{"line":3,"column":4},"end":{"line":6,"column":5}},"3":{"start":{"line":4,"column":8},"end":{"line":4,"column":39}},"4":{"start":{"line":5,"column":8},"end":{"line":5,"column":35}},"5":{"start":{"line":7,"column":4},"end":{"line":9,"column":6}},"6":{"start":{"line":8,"column":8},"end":{"line":8,"column":28}},"7":{"start":{"line":10,"column":4},"end":{"line":14,"column":6}},"8":{"start":{"line":11,"column":8},"end":{"line":13,"column":9}},"9":{"start":{"line":12,"column":12},"end":{"line":12,"column":35}},"10":{"start":{"line":15,"column":4},"end":{"line":19,"column":6}},"11":{"start":{"line":16,"column":8},"end":{"line":18,"column":9}},"12":{"start":{"line":17,"column":12},"end":{"line":17,"column":53}},"13":{"start":{"line":20,"column":4},"end":{"line":34,"column":6}},"14":{"start":{"line":21,"column":8},"end":{"line":24,"column":10}},"15":{"start":{"line":25,"column":8},"end":{"line":25,"column":29}},"16":{"start":{"line":26,"column":8},"end":{"line":31,"column":9}},"17":{"start":{"line":27,"column":12},"end":{"line":30,"column":15}},"18":{"start":{"line":28,"column":16},"end":{"line":29,"column":38}},"19":{"start":{"line":29,"column":20},"end":{"line":29,"column":38}},"20":{"start":{"line":32,"column":8},"end":{"line":32,"column":32}},"21":{"start":{"line":33,"column":8},"end":{"line":33,"column":47}},"22":{"start":{"line":35,"column":4},"end":{"line":35,"column":18}},"23":{"start":{"line":37,"column":0},"end":{"line":37,"column":24}}},"branchMap":{"1":{"line":11,"type":"if","locations":[{"start":{"line":11,"column":8},"end":{"line":11,"column":8}},{"start":{"line":11,"column":8},"end":{"line":11,"column":8}}]},"2":{"line":11,"type":"binary-expr","locations":[{"start":{"line":11,"column":12},"end":{"line":11,"column":51}},{"start":{"line":11,"column":55},"end":{"line":11,"column":82}}]},"3":{"line":26,"type":"if","locations":[{"start":{"line":26,"column":8},"end":{"line":26,"column":8}},{"start":{"line":26,"column":8},"end":{"line":26,"column":8}}]},"4":{"line":28,"type":"if","locations":[{"start":{"line":28,"column":16},"end":{"line":28,"column":16}},{"start":{"line":28,"column":16},"end":{"line":28,"column":16}}]}}},"/Users/marinvasilev/Projects/appcelerator/appc.lokijs/lib/methods/create.js":{"path":"/Users/marinvasilev/Projects/appcelerator/appc.lokijs/lib/methods/create.js","s":{"1":1,"2":1,"3":0,"4":0,"5":0,"6":0,"7":0,"8":0,"9":0,"10":0,"11":0,"12":0},"b":{"1":[0,0]},"f":{"1":0},"fnMap":{"1":{"name":"(anonymous_1)","line":10,"loc":{"start":{"line":10,"column":17},"end":{"line":10,"column":52}}}},"statementMap":{"1":{"start":{"line":1,"column":0},"end":{"line":2,"column":56}},"2":{"start":{"line":10,"column":0},"end":{"line":26,"column":2}},"3":{"start":{"line":11,"column":1},"end":{"line":12,"column":33}},"4":{"start":{"line":14,"column":1},"end":{"line":14,"column":33}},"5":{"start":{"line":15,"column":1},"end":{"line":15,"column":58}},"6":{"start":{"line":17,"column":1},"end":{"line":25,"column":2}},"7":{"start":{"line":18,"column":2},"end":{"line":18,"column":40}},"8":{"start":{"line":19,"column":2},"end":{"line":19,"column":39}},"9":{"start":{"line":20,"column":2},"end":{"line":20,"column":46}},"10":{"start":{"line":21,"column":2},"end":{"line":21,"column":50}},"11":{"start":{"line":22,"column":2},"end":{"line":22,"column":27}},"12":{"start":{"line":24,"column":2},"end":{"line":24,"column":66}}},"branchMap":{"1":{"line":17,"type":"if","locations":[{"start":{"line":17,"column":1},"end":{"line":17,"column":1}},{"start":{"line":17,"column":1},"end":{"line":17,"column":1}}]}}},"/Users/marinvasilev/Projects/appcelerator/appc.lokijs/lib/utils/Persist.js":{"path":"/Users/marinvasilev/Projects/appcelerator/appc.lokijs/lib/utils/Persist.js","s":{"1":1,"2":1,"3":1,"4":0,"5":0,"6":1,"7":0,"8":0,"9":0,"10":1,"11":0,"12":0,"13":0,"14":0,"15":0,"16":0,"17":0,"18":0,"19":0,"20":0,"21":0,"22":0,"23":1,"24":0,"25":0,"26":0,"27":0,"28":0,"29":0,"30":0,"31":0,"32":0,"33":1,"34":1},"b":{"1":[0,0],"2":[0,0],"3":[0,0],"4":[0,0],"5":[0,0],"6":[0,0]},"f":{"1":1,"2":0,"3":0,"4":0,"5":0,"6":0},"fnMap":{"1":{"name":"(anonymous_1)","line":3,"loc":{"start":{"line":3,"column":15},"end":{"line":3,"column":27}}},"2":{"name":"Persist","line":4,"loc":{"start":{"line":4,"column":4},"end":{"line":4,"column":34}}},"3":{"name":"(anonymous_3)","line":8,"loc":{"start":{"line":8,"column":31},"end":{"line":8,"column":51}}},"4":{"name":"(anonymous_4)","line":13,"loc":{"start":{"line":13,"column":31},"end":{"line":13,"column":60}}},"5":{"name":"(anonymous_5)","line":19,"loc":{"start":{"line":19,"column":36},"end":{"line":19,"column":52}}},"6":{"name":"(anonymous_6)","line":32,"loc":{"start":{"line":32,"column":31},"end":{"line":32,"column":50}}}},"statementMap":{"1":{"start":{"line":2,"column":0},"end":{"line":2,"column":33}},"2":{"start":{"line":3,"column":0},"end":{"line":48,"column":5}},"3":{"start":{"line":4,"column":4},"end":{"line":7,"column":5}},"4":{"start":{"line":5,"column":8},"end":{"line":5,"column":54}},"5":{"start":{"line":6,"column":8},"end":{"line":6,"column":44}},"6":{"start":{"line":8,"column":4},"end":{"line":12,"column":6}},"7":{"start":{"line":9,"column":8},"end":{"line":9,"column":56}},"8":{"start":{"line":10,"column":8},"end":{"line":10,"column":31}},"9":{"start":{"line":11,"column":8},"end":{"line":11,"column":22}},"10":{"start":{"line":13,"column":4},"end":{"line":31,"column":6}},"11":{"start":{"line":14,"column":8},"end":{"line":16,"column":9}},"12":{"start":{"line":15,"column":12},"end":{"line":15,"column":99}},"13":{"start":{"line":17,"column":8},"end":{"line":17,"column":58}},"14":{"start":{"line":18,"column":8},"end":{"line":18,"column":60}},"15":{"start":{"line":19,"column":8},"end":{"line":22,"column":11}},"16":{"start":{"line":20,"column":12},"end":{"line":21,"column":45}},"17":{"start":{"line":21,"column":16},"end":{"line":21,"column":45}},"18":{"start":{"line":23,"column":8},"end":{"line":30,"column":9}},"19":{"start":{"line":24,"column":12},"end":{"line":24,"column":57}},"20":{"start":{"line":25,"column":12},"end":{"line":25,"column":35}},"21":{"start":{"line":26,"column":12},"end":{"line":26,"column":26}},"22":{"start":{"line":29,"column":12},"end":{"line":29,"column":52}},"23":{"start":{"line":32,"column":4},"end":{"line":46,"column":6}},"24":{"start":{"line":33,"column":8},"end":{"line":35,"column":9}},"25":{"start":{"line":34,"column":12},"end":{"line":34,"column":99}},"26":{"start":{"line":36,"column":8},"end":{"line":36,"column":58}},"27":{"start":{"line":37,"column":8},"end":{"line":37,"column":60}},"28":{"start":{"line":38,"column":8},"end":{"line":45,"column":9}},"29":{"start":{"line":39,"column":12},"end":{"line":39,"column":57}},"30":{"start":{"line":40,"column":12},"end":{"line":40,"column":35}},"31":{"start":{"line":41,"column":12},"end":{"line":41,"column":26}},"32":{"start":{"line":44,"column":12},"end":{"line":44,"column":52}},"33":{"start":{"line":47,"column":4},"end":{"line":47,"column":19}},"34":{"start":{"line":49,"column":0},"end":{"line":49,"column":26}}},"branchMap":{"1":{"line":14,"type":"if","locations":[{"start":{"line":14,"column":8},"end":{"line":14,"column":8}},{"start":{"line":14,"column":8},"end":{"line":14,"column":8}}]},"2":{"line":14,"type":"binary-expr","locations":[{"start":{"line":14,"column":12},"end":{"line":14,"column":20}},{"start":{"line":14,"column":24},"end":{"line":14,"column":33}}]},"3":{"line":20,"type":"if","locations":[{"start":{"line":20,"column":12},"end":{"line":20,"column":12}},{"start":{"line":20,"column":12},"end":{"line":20,"column":12}}]},"4":{"line":23,"type":"if","locations":[{"start":{"line":23,"column":8},"end":{"line":23,"column":8}},{"start":{"line":23,"column":8},"end":{"line":23,"column":8}}]},"5":{"line":33,"type":"if","locations":[{"start":{"line":33,"column":8},"end":{"line":33,"column":8}},{"start":{"line":33,"column":8},"end":{"line":33,"column":8}}]},"6":{"line":38,"type":"if","locations":[{"start":{"line":38,"column":8},"end":{"line":38,"column":8}},{"start":{"line":38,"column":8},"end":{"line":38,"column":8}}]}}},"/Users/marinvasilev/Projects/appcelerator/appc.lokijs/lib/methods/delete.js":{"path":"/Users/marinvasilev/Projects/appcelerator/appc.lokijs/lib/methods/delete.js","s":{"1":1,"2":1,"3":0,"4":0,"5":0,"6":0,"7":0,"8":0,"9":0,"10":0,"11":0,"12":0},"b":{"1":[0,0]},"f":{"1":0},"fnMap":{"1":{"name":"(anonymous_1)","line":10,"loc":{"start":{"line":10,"column":20},"end":{"line":10,"column":57}}}},"statementMap":{"1":{"start":{"line":1,"column":0},"end":{"line":2,"column":56}},"2":{"start":{"line":10,"column":0},"end":{"line":24,"column":2}},"3":{"start":{"line":11,"column":1},"end":{"line":11,"column":35}},"4":{"start":{"line":12,"column":1},"end":{"line":12,"column":33}},"5":{"start":{"line":13,"column":1},"end":{"line":13,"column":58}},"6":{"start":{"line":15,"column":1},"end":{"line":23,"column":2}},"7":{"start":{"line":16,"column":2},"end":{"line":16,"column":40}},"8":{"start":{"line":17,"column":2},"end":{"line":17,"column":56}},"9":{"start":{"line":18,"column":2},"end":{"line":18,"column":46}},"10":{"start":{"line":19,"column":2},"end":{"line":19,"column":50}},"11":{"start":{"line":20,"column":2},"end":{"line":20,"column":27}},"12":{"start":{"line":22,"column":2},"end":{"line":22,"column":70}}},"branchMap":{"1":{"line":15,"type":"if","locations":[{"start":{"line":15,"column":1},"end":{"line":15,"column":1}},{"start":{"line":15,"column":1},"end":{"line":15,"column":1}}]}}},"/Users/marinvasilev/Projects/appcelerator/appc.lokijs/lib/methods/deleteAll.js":{"path":"/Users/marinvasilev/Projects/appcelerator/appc.lokijs/lib/methods/deleteAll.js","s":{"1":1,"2":1,"3":0,"4":0,"5":0,"6":0},"b":{"1":[0,0],"2":[0,0]},"f":{"1":0,"2":0},"fnMap":{"1":{"name":"(anonymous_1)","line":9,"loc":{"start":{"line":9,"column":20},"end":{"line":9,"column":47}}},"2":{"name":"(anonymous_2)","line":11,"loc":{"start":{"line":11,"column":37},"end":{"line":11,"column":59}}}},"statementMap":{"1":{"start":{"line":2,"column":0},"end":{"line":2,"column":53}},"2":{"start":{"line":9,"column":0},"end":{"line":19,"column":2}},"3":{"start":{"line":11,"column":1},"end":{"line":18,"column":4}},"4":{"start":{"line":12,"column":2},"end":{"line":14,"column":3}},"5":{"start":{"line":13,"column":3},"end":{"line":13,"column":24}},"6":{"start":{"line":17,"column":2},"end":{"line":17,"column":29}}},"branchMap":{"1":{"line":12,"type":"if","locations":[{"start":{"line":12,"column":2},"end":{"line":12,"column":2}},{"start":{"line":12,"column":2},"end":{"line":12,"column":2}}]},"2":{"line":17,"type":"binary-expr","locations":[{"start":{"line":17,"column":17},"end":{"line":17,"column":22}},{"start":{"line":17,"column":26},"end":{"line":17,"column":27}}]}}},"/Users/marinvasilev/Projects/appcelerator/appc.lokijs/lib/methods/distinct.js":{"path":"/Users/marinvasilev/Projects/appcelerator/appc.lokijs/lib/methods/distinct.js","s":{"1":1,"2":1,"3":0,"4":0,"5":0,"6":0,"7":0,"8":0,"9":0,"10":0,"11":0,"12":0,"13":0,"14":0,"15":0,"16":0,"17":0,"18":0},"b":{"1":[0,0],"2":[0,0],"3":[0,0]},"f":{"1":0,"2":0},"fnMap":{"1":{"name":"distinct","line":12,"loc":{"start":{"line":12,"column":19},"end":{"line":12,"column":70}}},"2":{"name":"(anonymous_2)","line":38,"loc":{"start":{"line":38,"column":13},"end":{"line":38,"column":36}}}},"statementMap":{"1":{"start":{"line":1,"column":0},"end":{"line":3,"column":56}},"2":{"start":{"line":12,"column":0},"end":{"line":46,"column":2}},"3":{"start":{"line":13,"column":1},"end":{"line":13,"column":33}},"4":{"start":{"line":14,"column":1},"end":{"line":19,"column":3}},"5":{"start":{"line":21,"column":1},"end":{"line":21,"column":54}},"6":{"start":{"line":22,"column":1},"end":{"line":32,"column":2}},"7":{"start":{"line":24,"column":2},"end":{"line":24,"column":39}},"8":{"start":{"line":25,"column":2},"end":{"line":25,"column":32}},"9":{"start":{"line":26,"column":2},"end":{"line":29,"column":20}},"10":{"start":{"line":31,"column":2},"end":{"line":31,"column":77}},"11":{"start":{"line":34,"column":1},"end":{"line":45,"column":2}},"12":{"start":{"line":35,"column":2},"end":{"line":35,"column":21}},"13":{"start":{"line":37,"column":2},"end":{"line":37,"column":30}},"14":{"start":{"line":38,"column":2},"end":{"line":42,"column":5}},"15":{"start":{"line":39,"column":3},"end":{"line":39,"column":45}},"16":{"start":{"line":40,"column":3},"end":{"line":40,"column":51}},"17":{"start":{"line":41,"column":3},"end":{"line":41,"column":28}},"18":{"start":{"line":44,"column":2},"end":{"line":44,"column":28}}},"branchMap":{"1":{"line":15,"type":"binary-expr","locations":[{"start":{"line":15,"column":9},"end":{"line":15,"column":22}},{"start":{"line":15,"column":26},"end":{"line":15,"column":30}}]},"2":{"line":22,"type":"if","locations":[{"start":{"line":22,"column":1},"end":{"line":22,"column":1}},{"start":{"line":22,"column":1},"end":{"line":22,"column":1}}]},"3":{"line":34,"type":"if","locations":[{"start":{"line":34,"column":1},"end":{"line":34,"column":1}},{"start":{"line":34,"column":1},"end":{"line":34,"column":1}}]}}},"/Users/marinvasilev/Projects/appcelerator/appc.lokijs/lib/methods/findAll.js":{"path":"/Users/marinvasilev/Projects/appcelerator/appc.lokijs/lib/methods/findAll.js","s":{"1":1,"2":1,"3":0,"4":0,"5":0,"6":0,"7":0,"8":0,"9":0,"10":0,"11":0,"12":0,"13":0,"14":0,"15":0,"16":0,"17":0},"b":{"1":[0,0],"2":[0,0]},"f":{"1":0,"2":0},"fnMap":{"1":{"name":"findAll","line":10,"loc":{"start":{"line":10,"column":18},"end":{"line":10,"column":52}}},"2":{"name":"(anonymous_2)","line":27,"loc":{"start":{"line":27,"column":13},"end":{"line":27,"column":36}}}},"statementMap":{"1":{"start":{"line":1,"column":0},"end":{"line":3,"column":56}},"2":{"start":{"line":10,"column":0},"end":{"line":35,"column":2}},"3":{"start":{"line":11,"column":1},"end":{"line":11,"column":33}},"4":{"start":{"line":13,"column":1},"end":{"line":13,"column":54}},"5":{"start":{"line":14,"column":1},"end":{"line":21,"column":2}},"6":{"start":{"line":16,"column":2},"end":{"line":16,"column":39}},"7":{"start":{"line":17,"column":2},"end":{"line":17,"column":32}},"8":{"start":{"line":18,"column":2},"end":{"line":18,"column":37}},"9":{"start":{"line":20,"column":2},"end":{"line":20,"column":77}},"10":{"start":{"line":23,"column":1},"end":{"line":34,"column":2}},"11":{"start":{"line":24,"column":2},"end":{"line":24,"column":21}},"12":{"start":{"line":26,"column":2},"end":{"line":26,"column":30}},"13":{"start":{"line":27,"column":2},"end":{"line":31,"column":5}},"14":{"start":{"line":28,"column":3},"end":{"line":28,"column":45}},"15":{"start":{"line":29,"column":3},"end":{"line":29,"column":51}},"16":{"start":{"line":30,"column":3},"end":{"line":30,"column":28}},"17":{"start":{"line":33,"column":2},"end":{"line":33,"column":28}}},"branchMap":{"1":{"line":14,"type":"if","locations":[{"start":{"line":14,"column":1},"end":{"line":14,"column":1}},{"start":{"line":14,"column":1},"end":{"line":14,"column":1}}]},"2":{"line":23,"type":"if","locations":[{"start":{"line":23,"column":1},"end":{"line":23,"column":1}},{"start":{"line":23,"column":1},"end":{"line":23,"column":1}}]}}},"/Users/marinvasilev/Projects/appcelerator/appc.lokijs/lib/methods/findAndModify.js":{"path":"/Users/marinvasilev/Projects/appcelerator/appc.lokijs/lib/methods/findAndModify.js","s":{"1":1,"2":1,"3":0,"4":0,"5":0,"6":0,"7":0,"8":0,"9":0,"10":0,"11":0,"12":0,"13":0,"14":0},"b":{"1":[0,0],"2":[0,0],"3":[0,0],"4":[0,0]},"f":{"1":0,"2":0},"fnMap":{"1":{"name":"findAndModify","line":16,"loc":{"start":{"line":16,"column":24},"end":{"line":16,"column":84}}},"2":{"name":"(anonymous_2)","line":27,"loc":{"start":{"line":27,"column":54},"end":{"line":27,"column":77}}}},"statementMap":{"1":{"start":{"line":2,"column":0},"end":{"line":3,"column":23}},"2":{"start":{"line":16,"column":0},"end":{"line":42,"column":2}},"3":{"start":{"line":17,"column":1},"end":{"line":20,"column":2}},"4":{"start":{"line":18,"column":2},"end":{"line":18,"column":18}},"5":{"start":{"line":19,"column":2},"end":{"line":19,"column":12}},"6":{"start":{"line":23,"column":1},"end":{"line":24,"column":55}},"7":{"start":{"line":27,"column":1},"end":{"line":41,"column":4}},"8":{"start":{"line":28,"column":2},"end":{"line":30,"column":3}},"9":{"start":{"line":29,"column":3},"end":{"line":29,"column":24}},"10":{"start":{"line":33,"column":2},"end":{"line":35,"column":3}},"11":{"start":{"line":34,"column":3},"end":{"line":34,"column":33}},"12":{"start":{"line":38,"column":2},"end":{"line":38,"column":46}},"13":{"start":{"line":39,"column":2},"end":{"line":39,"column":44}},"14":{"start":{"line":40,"column":2},"end":{"line":40,"column":27}}},"branchMap":{"1":{"line":17,"type":"if","locations":[{"start":{"line":17,"column":1},"end":{"line":17,"column":1}},{"start":{"line":17,"column":1},"end":{"line":17,"column":1}}]},"2":{"line":28,"type":"if","locations":[{"start":{"line":28,"column":2},"end":{"line":28,"column":2}},{"start":{"line":28,"column":2},"end":{"line":28,"column":2}}]},"3":{"line":33,"type":"if","locations":[{"start":{"line":33,"column":2},"end":{"line":33,"column":2}},{"start":{"line":33,"column":2},"end":{"line":33,"column":2}}]},"4":{"line":33,"type":"binary-expr","locations":[{"start":{"line":33,"column":6},"end":{"line":33,"column":13}},{"start":{"line":33,"column":17},"end":{"line":33,"column":49}}]}}},"/Users/marinvasilev/Projects/appcelerator/appc.lokijs/lib/methods/findByID.js":{"path":"/Users/marinvasilev/Projects/appcelerator/appc.lokijs/lib/methods/findByID.js","s":{"1":1,"2":1,"3":0,"4":0,"5":0,"6":0,"7":0,"8":0,"9":0,"10":0,"11":0,"12":0,"13":0,"14":0,"15":0,"16":0},"b":{"1":[0,0],"2":[0,0],"3":[0,0]},"f":{"1":0},"fnMap":{"1":{"name":"(anonymous_1)","line":11,"loc":{"start":{"line":11,"column":19},"end":{"line":11,"column":49}}}},"statementMap":{"1":{"start":{"line":1,"column":0},"end":{"line":3,"column":59}},"2":{"start":{"line":11,"column":0},"end":{"line":34,"column":2}},"3":{"start":{"line":12,"column":4},"end":{"line":12,"column":36}},"4":{"start":{"line":13,"column":4},"end":{"line":15,"column":5}},"5":{"start":{"line":14,"column":8},"end":{"line":14,"column":60}},"6":{"start":{"line":17,"column":4},"end":{"line":17,"column":57}},"7":{"start":{"line":18,"column":4},"end":{"line":25,"column":5}},"8":{"start":{"line":20,"column":8},"end":{"line":20,"column":45}},"9":{"start":{"line":21,"column":8},"end":{"line":21,"column":38}},"10":{"start":{"line":22,"column":8},"end":{"line":22,"column":55}},"11":{"start":{"line":24,"column":8},"end":{"line":24,"column":83}},"12":{"start":{"line":27,"column":4},"end":{"line":33,"column":5}},"13":{"start":{"line":28,"column":8},"end":{"line":28,"column":27}},"14":{"start":{"line":30,"column":8},"end":{"line":30,"column":52}},"15":{"start":{"line":31,"column":8},"end":{"line":31,"column":58}},"16":{"start":{"line":32,"column":8},"end":{"line":32,"column":33}}},"branchMap":{"1":{"line":13,"type":"if","locations":[{"start":{"line":13,"column":4},"end":{"line":13,"column":4}},{"start":{"line":13,"column":4},"end":{"line":13,"column":4}}]},"2":{"line":18,"type":"if","locations":[{"start":{"line":18,"column":4},"end":{"line":18,"column":4}},{"start":{"line":18,"column":4},"end":{"line":18,"column":4}}]},"3":{"line":27,"type":"if","locations":[{"start":{"line":27,"column":4},"end":{"line":27,"column":4}},{"start":{"line":27,"column":4},"end":{"line":27,"column":4}}]}}},"/Users/marinvasilev/Projects/appcelerator/appc.lokijs/lib/methods/query.js":{"path":"/Users/marinvasilev/Projects/appcelerator/appc.lokijs/lib/methods/query.js","s":{"1":1,"2":1,"3":1,"4":0,"5":0,"6":0,"7":0,"8":0,"9":0,"10":0,"11":0,"12":0,"13":0,"14":0,"15":0,"16":0,"17":0,"18":0,"19":0,"20":0,"21":0,"22":0,"23":0,"24":0,"25":0,"26":0,"27":0,"28":0},"b":{"1":[0,0],"2":[0,0],"3":[0,0],"4":[0,0],"5":[0,0],"6":[0,0],"7":[0,0]},"f":{"1":0,"2":0},"fnMap":{"1":{"name":"(anonymous_1)","line":16,"loc":{"start":{"line":16,"column":16},"end":{"line":16,"column":52}}},"2":{"name":"(anonymous_2)","line":66,"loc":{"start":{"line":66,"column":13},"end":{"line":66,"column":36}}}},"statementMap":{"1":{"start":{"line":2,"column":0},"end":{"line":4,"column":23}},"2":{"start":{"line":6,"column":0},"end":{"line":7,"column":56}},"3":{"start":{"line":16,"column":0},"end":{"line":91,"column":2}},"4":{"start":{"line":18,"column":1},"end":{"line":38,"column":3}},"5":{"start":{"line":40,"column":1},"end":{"line":40,"column":33}},"6":{"start":{"line":42,"column":1},"end":{"line":42,"column":54}},"7":{"start":{"line":43,"column":1},"end":{"line":61,"column":2}},"8":{"start":{"line":45,"column":2},"end":{"line":45,"column":39}},"9":{"start":{"line":46,"column":2},"end":{"line":46,"column":32}},"10":{"start":{"line":47,"column":2},"end":{"line":51,"column":3}},"11":{"start":{"line":48,"column":3},"end":{"line":48,"column":54}},"12":{"start":{"line":50,"column":3},"end":{"line":50,"column":35}},"13":{"start":{"line":52,"column":2},"end":{"line":53,"column":37}},"14":{"start":{"line":53,"column":3},"end":{"line":53,"column":37}},"15":{"start":{"line":54,"column":2},"end":{"line":55,"column":32}},"16":{"start":{"line":55,"column":3},"end":{"line":55,"column":32}},"17":{"start":{"line":56,"column":2},"end":{"line":57,"column":19}},"18":{"start":{"line":57,"column":3},"end":{"line":57,"column":19}},"19":{"start":{"line":58,"column":2},"end":{"line":58,"column":31}},"20":{"start":{"line":60,"column":2},"end":{"line":60,"column":77}},"21":{"start":{"line":62,"column":1},"end":{"line":73,"column":2}},"22":{"start":{"line":63,"column":2},"end":{"line":63,"column":21}},"23":{"start":{"line":65,"column":2},"end":{"line":65,"column":30}},"24":{"start":{"line":66,"column":2},"end":{"line":70,"column":5}},"25":{"start":{"line":67,"column":3},"end":{"line":67,"column":45}},"26":{"start":{"line":68,"column":3},"end":{"line":68,"column":51}},"27":{"start":{"line":69,"column":3},"end":{"line":69,"column":28}},"28":{"start":{"line":72,"column":2},"end":{"line":72,"column":28}}},"branchMap":{"1":{"line":23,"type":"binary-expr","locations":[{"start":{"line":23,"column":9},"end":{"line":23,"column":22}},{"start":{"line":23,"column":26},"end":{"line":23,"column":30}}]},"2":{"line":43,"type":"if","locations":[{"start":{"line":43,"column":1},"end":{"line":43,"column":1}},{"start":{"line":43,"column":1},"end":{"line":43,"column":1}}]},"3":{"line":47,"type":"if","locations":[{"start":{"line":47,"column":2},"end":{"line":47,"column":2}},{"start":{"line":47,"column":2},"end":{"line":47,"column":2}}]},"4":{"line":52,"type":"if","locations":[{"start":{"line":52,"column":2},"end":{"line":52,"column":2}},{"start":{"line":52,"column":2},"end":{"line":52,"column":2}}]},"5":{"line":54,"type":"if","locations":[{"start":{"line":54,"column":2},"end":{"line":54,"column":2}},{"start":{"line":54,"column":2},"end":{"line":54,"column":2}}]},"6":{"line":56,"type":"if","locations":[{"start":{"line":56,"column":2},"end":{"line":56,"column":2}},{"start":{"line":56,"column":2},"end":{"line":56,"column":2}}]},"7":{"line":62,"type":"if","locations":[{"start":{"line":62,"column":1},"end":{"line":62,"column":1}},{"start":{"line":62,"column":1},"end":{"line":62,"column":1}}]}}},"/Users/marinvasilev/Projects/appcelerator/appc.lokijs/lib/methods/save.js":{"path":"/Users/marinvasilev/Projects/appcelerator/appc.lokijs/lib/methods/save.js","s":{"1":1,"2":1,"3":0,"4":0,"5":0,"6":0,"7":0,"8":0,"9":0,"10":0,"11":0,"12":0},"b":{"1":[0,0]},"f":{"1":0},"fnMap":{"1":{"name":"(anonymous_1)","line":9,"loc":{"start":{"line":9,"column":15},"end":{"line":9,"column":52}}}},"statementMap":{"1":{"start":{"line":1,"column":0},"end":{"line":2,"column":56}},"2":{"start":{"line":9,"column":0},"end":{"line":23,"column":2}},"3":{"start":{"line":10,"column":1},"end":{"line":10,"column":36}},"4":{"start":{"line":11,"column":1},"end":{"line":11,"column":33}},"5":{"start":{"line":12,"column":1},"end":{"line":12,"column":58}},"6":{"start":{"line":14,"column":1},"end":{"line":22,"column":2}},"7":{"start":{"line":15,"column":2},"end":{"line":15,"column":40}},"8":{"start":{"line":16,"column":2},"end":{"line":16,"column":65}},"9":{"start":{"line":17,"column":2},"end":{"line":17,"column":46}},"10":{"start":{"line":18,"column":2},"end":{"line":18,"column":50}},"11":{"start":{"line":19,"column":2},"end":{"line":19,"column":27}},"12":{"start":{"line":21,"column":2},"end":{"line":21,"column":66}}},"branchMap":{"1":{"line":14,"type":"if","locations":[{"start":{"line":14,"column":1},"end":{"line":14,"column":1}},{"start":{"line":14,"column":1},"end":{"line":14,"column":1}}]}}},"/Users/marinvasilev/Projects/appcelerator/appc.lokijs/lib/methods/upsert.js":{"path":"/Users/marinvasilev/Projects/appcelerator/appc.lokijs/lib/methods/upsert.js","s":{"1":1,"2":1,"3":0,"4":0,"5":0,"6":0,"7":0,"8":0,"9":0},"b":{"1":[0,0]},"f":{"1":0},"fnMap":{"1":{"name":"upsert","line":10,"loc":{"start":{"line":10,"column":17},"end":{"line":10,"column":59}}}},"statementMap":{"1":{"start":{"line":1,"column":0},"end":{"line":2,"column":56}},"2":{"start":{"line":10,"column":0},"end":{"line":21,"column":2}},"3":{"start":{"line":11,"column":1},"end":{"line":11,"column":33}},"4":{"start":{"line":12,"column":1},"end":{"line":12,"column":54}},"5":{"start":{"line":13,"column":1},"end":{"line":20,"column":2}},"6":{"start":{"line":14,"column":2},"end":{"line":14,"column":46}},"7":{"start":{"line":15,"column":2},"end":{"line":15,"column":40}},"8":{"start":{"line":16,"column":2},"end":{"line":16,"column":26}},"9":{"start":{"line":17,"column":2},"end":{"line":17,"column":21}}},"branchMap":{"1":{"line":13,"type":"if","locations":[{"start":{"line":13,"column":1},"end":{"line":13,"column":1}},{"start":{"line":13,"column":1},"end":{"line":13,"column":1}}]}}}}